Using pre-set license
Built from '2022.3/staging' branch; Version is '2022.3.24f1 (334eb2a0b267) revision 3362482'; Using compiler version '192829333'; Build Type 'Release'
OS: 'Windows 11  (10.0.22631) 64bit Core' Language: 'en' Physical Memory: 15741 MB
BatchMode: 1, IsHumanControllingUs: 0, StartBugReporterOnCrash: 0, Is64bit: 1, IsPro: 1

COMMAND LINE ARGUMENTS:
C:\Program Files\Unity\Hub\Editor\2022.3.24f1\Editor\Unity.exe
-adb2
-batchMode
-noUpm
-name
AssetImportWorker0
-projectPath
D:/OneDrive - Temasek Polytechnic/Year 2/Semester 1/CGPG/Unity/Week 2 Lesson
-logFile
Logs/AssetImportWorker0.log
-srvPort
56392
Successfully changed project path to: D:/OneDrive - Temasek Polytechnic/Year 2/Semester 1/CGPG/Unity/Week 2 Lesson
D:/OneDrive - Temasek Polytechnic/Year 2/Semester 1/CGPG/Unity/Week 2 Lesson
[UnityMemory] Configuration Parameters - Can be set up in boot.config
    "memorysetup-bucket-allocator-granularity=16"
    "memorysetup-bucket-allocator-bucket-count=8"
    "memorysetup-bucket-allocator-block-size=33554432"
    "memorysetup-bucket-allocator-block-count=8"
    "memorysetup-main-allocator-block-size=16777216"
    "memorysetup-thread-allocator-block-size=16777216"
    "memorysetup-gfx-main-allocator-block-size=16777216"
    "memorysetup-gfx-thread-allocator-block-size=16777216"
    "memorysetup-cache-allocator-block-size=4194304"
    "memorysetup-typetree-allocator-block-size=2097152"
    "memorysetup-profiler-bucket-allocator-granularity=16"
    "memorysetup-profiler-bucket-allocator-bucket-count=8"
    "memorysetup-profiler-bucket-allocator-block-size=33554432"
    "memorysetup-profiler-bucket-allocator-block-count=8"
    "memorysetup-profiler-allocator-block-size=16777216"
    "memorysetup-profiler-editor-allocator-block-size=1048576"
    "memorysetup-temp-allocator-size-main=16777216"
    "memorysetup-job-temp-allocator-block-size=2097152"
    "memorysetup-job-temp-allocator-block-size-background=1048576"
    "memorysetup-job-temp-allocator-reduction-small-platforms=262144"
    "memorysetup-allocator-temp-initial-block-size-main=262144"
    "memorysetup-allocator-temp-initial-block-size-worker=262144"
    "memorysetup-temp-allocator-size-background-worker=32768"
    "memorysetup-temp-allocator-size-job-worker=262144"
    "memorysetup-temp-allocator-size-preload-manager=33554432"
    "memorysetup-temp-allocator-size-nav-mesh-worker=65536"
    "memorysetup-temp-allocator-size-audio-worker=65536"
    "memorysetup-temp-allocator-size-cloud-worker=32768"
    "memorysetup-temp-allocator-size-gi-baking-worker=262144"
    "memorysetup-temp-allocator-size-gfx=262144"
Player connection [15316] Host "[IP] 172.30.27.70 [Port] 0 [Flags] 2 [Guid] 1534541712 [EditorId] 1534541712 [Version] 1048832 [Id] WindowsEditor(7,LAPTOP-CDQEVCTH) [Debug] 1 [PackageName] WindowsEditor [ProjectName] Editor" joined multi-casting on [225.0.0.222:54997]...

Player connection [15316] Host "[IP] 172.30.27.70 [Port] 0 [Flags] 2 [Guid] 1534541712 [EditorId] 1534541712 [Version] 1048832 [Id] WindowsEditor(7,LAPTOP-CDQEVCTH) [Debug] 1 [PackageName] WindowsEditor [ProjectName] Editor" joined alternative multi-casting on [225.0.0.222:34997]...

received signal from system: SIGSEGV
Obtained 22 stack frames
0x00007ff6babe70dd (Unity) 
0x00007ff6babec1a9 (Unity) 
0x00007ff6bbbc9d41 (Unity) 
0x00007ff6babeb5f6 (Unity) 
0x00007ff6babe690c (Unity) 
0x00007ff6bd010060 (Unity) udnSetPath
0x00007ff6bd0d7a88 (Unity) udnSetPath
0x00007ff6bcfd9a00 (Unity) udnSetPath
0x00007ffca557547f (ntdll) 
0x00007ffca54ee886 (ntdll) 
0x00007ffca557447e (ntdll) 
0x00007ff6ba3faba8 (Unity) 
0x00007ff6ba3e239a (Unity) 
0x00007ff6ba3e2c51 (Unity) 
0x00007ff6ba3ed19e (Unity) 
0x00007ff6bc18e711 (Unity) udnSetPath
0x00007ff6ba76cc9e (Unity) 
0x00007ff6bb746825 (Unity) 
0x00007ff6bbbd4525 (Unity) 
0x00007ff6bcfb737e (Unity) udnSetPath
0x00007ffca3b4259d (KERNEL32) 
0x00007ffca552af38 (ntdll) 

